\BOOKMARK [1][-]{section.1}{Introduction}{}% 1
\BOOKMARK [2][-]{subsection.1.1}{Overview}{section.1}% 2
\BOOKMARK [2][-]{subsection.1.2}{Modelling}{section.1}% 3
\BOOKMARK [2][-]{subsection.1.3}{NP-hardness}{section.1}% 4
\BOOKMARK [2][-]{subsection.1.4}{Relations between the two problems}{section.1}% 5
\BOOKMARK [1][-]{section.2}{Previous works on surface cutting}{}% 6
\BOOKMARK [2][-]{subsection.2.1}{Cutting a surface to reduce its genus to 0}{section.2}% 7
\BOOKMARK [2][-]{subsection.2.2}{Shortest homotopic cycles on a surface}{section.2}% 8
\BOOKMARK [2][-]{subsection.2.3}{First attempts to do a volume cutting}{section.2}% 9
\BOOKMARK [1][-]{section.3}{General algorithm}{}% 10
\BOOKMARK [2][-]{subsection.3.1}{Overview}{section.3}% 11
\BOOKMARK [2][-]{subsection.3.2}{First decomposition}{section.3}% 12
\BOOKMARK [2][-]{subsection.3.3}{Pant\(s\) optimization}{section.3}% 13
\BOOKMARK [3][-]{subsubsection.3.3.1}{Optimization of an auto 2-cut C}{subsection.3.3}% 14
\BOOKMARK [3][-]{subsubsection.3.3.2}{Optimization of a 2-cut C \(not auto\)}{subsection.3.3}% 15
\BOOKMARK [2][-]{subsection.3.4}{Processing choice}{section.3}% 16
\BOOKMARK [2][-]{subsection.3.5}{Selection of a cutting system}{section.3}% 17
\BOOKMARK [2][-]{subsection.3.6}{Parallelization}{section.3}% 18
\BOOKMARK [1][-]{section.4}{Neighborhood}{}% 19
\BOOKMARK [2][-]{subsection.4.1}{The algorithm}{section.4}% 20
\BOOKMARK [2][-]{subsection.4.2}{Complexity}{section.4}% 21
\BOOKMARK [2][-]{subsection.4.3}{Variant}{section.4}% 22
\BOOKMARK [1][-]{section.5}{Implementation}{}% 23
\BOOKMARK [2][-]{subsection.5.1}{Overview}{section.5}% 24
\BOOKMARK [2][-]{subsection.5.2}{SGL}{section.5}% 25
\BOOKMARK [2][-]{subsection.5.3}{Data structures}{section.5}% 26
\BOOKMARK [2][-]{subsection.5.4}{Core algorithm}{section.5}% 27
\BOOKMARK [2][-]{subsection.5.5}{Orientation}{section.5}% 28
\BOOKMARK [2][-]{subsection.5.6}{Python script}{section.5}% 29
\BOOKMARK [2][-]{subsection.5.7}{Running time comparison}{section.5}% 30
\BOOKMARK [1][-]{section.6}{Conclusion}{}% 31
\BOOKMARK [1][-]{section.7}{Appendix}{}% 32
\BOOKMARK [2][-]{subsection.7.1}{Mathematical background}{section.7}% 33
